TN:
SF:src\modules\appointments\services\CreateAppointmentService.ts
FN:41,Object.<anonymous>
FN:41,Object.<anonymous>.__decorate
FN:41,Object.<anonymous>.__metadata
FN:41,Object.<anonymous>.__param
FN:41,Object.<anonymous>.__awaiter
FN:41,adopt
FN:41,fulfilled
FN:41,rejected
FN:41,step
FN:41,Object.<anonymous>.__generator
FN:41,sent
FN:41,g.<computed>
FN:41,verb
FN:41,step
FN:41,Object.<anonymous>.__importDefault
FN:16,CreateAppointmentService
FN:21,Object.<anonymous>.CreateAppointmentService.execute
FNF:17
FNH:15
FNDA:1,Object.<anonymous>
FNDA:1,Object.<anonymous>.__decorate
FNDA:1,Object.<anonymous>.__metadata
FNDA:1,Object.<anonymous>.__param
FNDA:3,Object.<anonymous>.__awaiter
FNDA:5,adopt
FNDA:5,fulfilled
FNDA:0,rejected
FNDA:7,step
FNDA:3,Object.<anonymous>.__generator
FNDA:5,sent
FNDA:0,g.<computed>
FNDA:9,verb
FNDA:8,step
FNDA:1,Object.<anonymous>.__importDefault
FNDA:2,CreateAppointmentService
FNDA:3,Object.<anonymous>.CreateAppointmentService.execute
DA:1,1
DA:2,1
DA:3,1
DA:4,1
DA:5,1
DA:6,1
DA:7,1
DA:8,1
DA:9,1
DA:10,1
DA:11,1
DA:12,1
DA:13,1
DA:14,1
DA:15,1
DA:16,1
DA:17,2
DA:18,2
DA:19,2
DA:20,1
DA:21,1
DA:22,3
DA:23,3
DA:24,3
DA:25,3
DA:26,3
DA:27,3
DA:28,3
DA:29,1
DA:30,1
DA:31,2
DA:32,2
DA:33,2
DA:34,2
DA:35,2
DA:36,3
DA:37,3
DA:38,3
DA:39,1
DA:40,1
DA:41,1
LF:41
LH:41
BRDA:41,0,0,1
BRDA:41,1,0,1
BRDA:41,2,0,1
BRDA:41,3,0,0
BRDA:41,4,0,0
BRDA:41,5,0,0
BRDA:41,6,0,0
BRDA:41,7,0,1
BRDA:41,8,0,1
BRDA:41,9,0,1
BRDA:41,10,0,3
BRDA:41,11,0,5
BRDA:41,12,0,0
BRDA:41,13,0,3
BRDA:41,14,0,5
BRDA:41,15,0,4
BRDA:41,16,0,1
BRDA:41,17,0,7
BRDA:41,18,0,2
BRDA:41,19,0,5
BRDA:41,20,0,3
BRDA:41,21,0,5
BRDA:41,22,0,0
BRDA:41,23,0,9
BRDA:41,24,0,8
BRDA:41,25,0,8
BRDA:41,26,0,0
BRDA:41,27,0,16
BRDA:41,28,0,0
BRDA:41,29,0,0
BRDA:41,30,0,0
BRDA:41,31,0,0
BRDA:41,32,0,8
BRDA:41,33,0,8
BRDA:41,34,0,5
BRDA:41,35,0,0
BRDA:41,36,0,0
BRDA:41,37,0,3
BRDA:41,38,0,0
BRDA:41,39,0,2
BRDA:41,40,0,0
BRDA:41,41,0,0
BRDA:41,42,0,0
BRDA:41,43,0,0
BRDA:41,44,0,8
BRDA:41,45,0,7
BRDA:41,46,0,1
BRDA:41,47,0,8
BRDA:41,48,0,3
BRDA:41,49,0,1
BRDA:41,50,0,2
BRDA:41,51,0,0
BRDA:41,52,0,1
BRDA:41,53,0,0
BRDA:15,54,0,1
BRDA:16,55,0,2
BRDA:21,56,0,3
BRDA:41,57,0,3
BRDA:41,58,0,8
BRDA:41,59,0,3
BRDA:41,60,0,3
BRDA:28,61,0,1
BRDA:30,62,0,2
BRDA:41,63,0,2
BRF:64
BRH:44
end_of_record
TN:
SF:src\modules\users\services\AuthenticateUserService.ts
FN:61,Object.<anonymous>
FN:61,Object.<anonymous>.__decorate
FN:61,Object.<anonymous>.__metadata
FN:61,Object.<anonymous>.__param
FN:61,Object.<anonymous>.__awaiter
FN:61,adopt
FN:61,fulfilled
FN:61,rejected
FN:61,step
FN:61,Object.<anonymous>.__generator
FN:61,sent
FN:61,g.<computed>
FN:61,verb
FN:61,step
FN:61,Object.<anonymous>.__importDefault
FN:23,AuthenticateUserService
FN:31,Object.<anonymous>.AuthenticateUserService.execute
FNF:17
FNH:15
FNDA:1,Object.<anonymous>
FNDA:1,Object.<anonymous>.__decorate
FNDA:1,Object.<anonymous>.__metadata
FNDA:2,Object.<anonymous>.__param
FNDA:3,Object.<anonymous>.__awaiter
FNDA:5,adopt
FNDA:5,fulfilled
FNDA:0,rejected
FNDA:6,step
FNDA:3,Object.<anonymous>.__generator
FNDA:5,sent
FNDA:0,g.<computed>
FNDA:9,verb
FNDA:8,step
FNDA:2,Object.<anonymous>.__importDefault
FNDA:3,AuthenticateUserService
FNDA:3,Object.<anonymous>.AuthenticateUserService.execute
DA:1,1
DA:2,1
DA:3,1
DA:4,1
DA:5,1
DA:6,1
DA:7,1
DA:8,1
DA:9,1
DA:10,1
DA:11,1
DA:12,1
DA:13,1
DA:14,1
DA:15,1
DA:16,1
DA:17,1
DA:18,1
DA:19,1
DA:20,1
DA:21,1
DA:22,1
DA:23,1
DA:24,3
DA:25,3
DA:26,3
DA:27,3
DA:28,3
DA:29,3
DA:30,1
DA:31,1
DA:32,3
DA:33,3
DA:34,3
DA:35,1
DA:36,1
DA:37,2
DA:38,2
DA:39,2
DA:40,2
DA:41,2
DA:42,3
DA:43,3
DA:44,1
DA:45,1
DA:46,1
DA:47,1
DA:48,1
DA:49,1
DA:50,1
DA:51,1
DA:52,1
DA:53,1
DA:54,1
DA:55,1
DA:56,1
DA:57,1
DA:58,3
DA:59,1
DA:60,1
DA:61,1
LF:61
LH:61
BRDA:61,0,0,1
BRDA:61,1,0,1
BRDA:61,2,0,1
BRDA:61,3,0,0
BRDA:61,4,0,0
BRDA:61,5,0,0
BRDA:61,6,0,0
BRDA:61,7,0,1
BRDA:61,8,0,2
BRDA:61,9,0,2
BRDA:61,10,0,3
BRDA:61,11,0,5
BRDA:61,12,0,0
BRDA:61,13,0,3
BRDA:61,14,0,5
BRDA:61,15,0,3
BRDA:61,16,0,2
BRDA:61,17,0,6
BRDA:61,18,0,1
BRDA:61,19,0,5
BRDA:61,20,0,3
BRDA:61,21,0,5
BRDA:61,22,0,0
BRDA:61,23,0,9
BRDA:61,24,0,8
BRDA:61,25,0,8
BRDA:61,26,0,0
BRDA:61,27,0,16
BRDA:61,28,0,0
BRDA:61,29,0,0
BRDA:61,30,0,0
BRDA:61,31,0,0
BRDA:61,32,0,8
BRDA:61,33,0,8
BRDA:61,34,0,5
BRDA:61,35,0,0
BRDA:61,36,0,0
BRDA:61,37,0,3
BRDA:61,38,0,0
BRDA:61,39,0,1
BRDA:61,40,0,0
BRDA:61,41,0,0
BRDA:61,42,0,0
BRDA:61,43,0,0
BRDA:61,44,0,8
BRDA:61,45,0,6
BRDA:61,46,0,2
BRDA:61,47,0,8
BRDA:61,48,0,3
BRDA:61,49,0,2
BRDA:61,50,0,1
BRDA:61,51,0,0
BRDA:61,52,0,2
BRDA:61,53,0,0
BRDA:22,54,0,1
BRDA:23,55,0,3
BRDA:31,56,0,3
BRDA:61,57,0,3
BRDA:61,58,0,8
BRDA:32,59,0,3
BRDA:61,60,0,3
BRDA:34,61,0,1
BRDA:36,62,0,2
BRDA:61,63,0,2
BRDA:43,64,0,1
BRF:65
BRH:45
end_of_record
TN:
SF:src\modules\users\services\CreateUserService.ts
FN:44,Object.<anonymous>
FN:44,Object.<anonymous>.__decorate
FN:44,Object.<anonymous>.__metadata
FN:44,Object.<anonymous>.__param
FN:44,Object.<anonymous>.__awaiter
FN:44,adopt
FN:44,fulfilled
FN:44,rejected
FN:44,step
FN:44,Object.<anonymous>.__generator
FN:44,sent
FN:44,g.<computed>
FN:44,verb
FN:44,step
FN:44,Object.<anonymous>.__importDefault
FN:17,CreateUserService
FN:25,Object.<anonymous>.CreateUserService.execute
FNF:17
FNH:15
FNDA:2,Object.<anonymous>
FNDA:2,Object.<anonymous>.__decorate
FNDA:2,Object.<anonymous>.__metadata
FNDA:4,Object.<anonymous>.__param
FNDA:5,Object.<anonymous>.__awaiter
FNDA:13,adopt
FNDA:13,fulfilled
FNDA:0,rejected
FNDA:17,step
FNDA:5,Object.<anonymous>.__generator
FNDA:13,sent
FNDA:0,g.<computed>
FNDA:15,verb
FNDA:18,step
FNDA:2,Object.<anonymous>.__importDefault
FNDA:5,CreateUserService
FNDA:5,Object.<anonymous>.CreateUserService.execute
DA:1,1
DA:2,1
DA:3,1
DA:4,1
DA:5,1
DA:6,1
DA:7,1
DA:8,1
DA:9,1
DA:10,1
DA:11,1
DA:12,1
DA:13,1
DA:14,1
DA:15,1
DA:16,2
DA:17,2
DA:18,5
DA:19,5
DA:20,5
DA:21,5
DA:22,5
DA:23,5
DA:24,2
DA:25,2
DA:26,5
DA:27,5
DA:28,5
DA:29,1
DA:30,1
DA:31,4
DA:32,4
DA:33,5
DA:34,5
DA:35,5
DA:36,5
DA:37,5
DA:38,5
DA:39,5
DA:40,5
DA:41,5
DA:42,2
DA:43,1
DA:44,1
LF:44
LH:44
BRDA:44,0,0,2
BRDA:44,1,0,2
BRDA:44,2,0,2
BRDA:44,3,0,0
BRDA:44,4,0,0
BRDA:44,5,0,0
BRDA:44,6,0,0
BRDA:44,7,0,2
BRDA:44,8,0,4
BRDA:44,9,0,4
BRDA:44,10,0,5
BRDA:44,11,0,13
BRDA:44,12,0,0
BRDA:44,13,0,5
BRDA:44,14,0,13
BRDA:44,15,0,12
BRDA:44,16,0,1
BRDA:44,17,0,17
BRDA:44,18,0,4
BRDA:44,19,0,13
BRDA:44,20,0,5
BRDA:44,21,0,13
BRDA:44,22,0,0
BRDA:44,23,0,15
BRDA:44,24,0,18
BRDA:44,25,0,18
BRDA:44,26,0,0
BRDA:44,27,0,36
BRDA:44,28,0,0
BRDA:44,29,0,0
BRDA:44,30,0,0
BRDA:44,31,0,0
BRDA:44,32,0,18
BRDA:44,33,0,18
BRDA:44,34,0,13
BRDA:44,35,0,0
BRDA:44,36,0,0
BRDA:44,37,0,5
BRDA:44,38,0,0
BRDA:44,39,0,4
BRDA:44,40,0,0
BRDA:44,41,0,0
BRDA:44,42,0,0
BRDA:44,43,0,0
BRDA:44,44,0,28
BRDA:44,45,0,18
BRDA:44,46,0,17
BRDA:44,47,0,1
BRDA:44,48,0,18
BRDA:44,49,0,5
BRDA:44,50,0,1
BRDA:44,51,0,4
BRDA:44,52,0,0
BRDA:44,53,0,2
BRDA:44,54,0,0
BRDA:16,55,0,2
BRDA:17,56,0,5
BRDA:25,57,0,5
BRDA:44,58,0,5
BRDA:44,59,0,18
BRDA:26,60,0,5
BRDA:44,61,0,5
BRDA:28,62,0,1
BRDA:30,63,0,4
BRDA:44,64,0,4
BRDA:44,65,0,4
BRF:66
BRH:46
end_of_record
TN:
SF:src\modules\users\services\ResetPasswordService.ts
FN:55,Object.<anonymous>
FN:55,Object.<anonymous>.__decorate
FN:55,Object.<anonymous>.__metadata
FN:55,Object.<anonymous>.__param
FN:55,Object.<anonymous>.__awaiter
FN:55,adopt
FN:55,fulfilled
FN:55,rejected
FN:55,step
FN:55,Object.<anonymous>.__generator
FN:55,sent
FN:55,g.<computed>
FN:55,verb
FN:55,step
FN:55,Object.<anonymous>.__importDefault
FN:18,ResetPasswordService
FN:29,Object.<anonymous>.ResetPasswordService.execute
FNF:17
FNH:15
FNDA:1,Object.<anonymous>
FNDA:1,Object.<anonymous>.__decorate
FNDA:1,Object.<anonymous>.__metadata
FNDA:3,Object.<anonymous>.__param
FNDA:4,Object.<anonymous>.__awaiter
FNDA:9,adopt
FNDA:9,fulfilled
FNDA:0,rejected
FNDA:10,step
FNDA:4,Object.<anonymous>.__generator
FNDA:9,sent
FNDA:0,g.<computed>
FNDA:12,verb
FNDA:13,step
FNDA:1,Object.<anonymous>.__importDefault
FNDA:4,ResetPasswordService
FNDA:4,Object.<anonymous>.ResetPasswordService.execute
DA:1,1
DA:2,1
DA:3,1
DA:4,1
DA:5,1
DA:6,1
DA:7,1
DA:8,1
DA:9,1
DA:10,1
DA:11,1
DA:12,1
DA:13,1
DA:14,1
DA:15,1
DA:16,1
DA:17,1
DA:18,1
DA:19,4
DA:20,4
DA:21,4
DA:22,4
DA:23,4
DA:24,4
DA:25,4
DA:26,4
DA:27,4
DA:28,1
DA:29,1
DA:30,4
DA:31,4
DA:32,4
DA:33,1
DA:34,1
DA:35,3
DA:36,3
DA:37,4
DA:38,4
DA:39,1
DA:40,1
DA:41,2
DA:42,2
DA:43,2
DA:44,2
DA:45,4
DA:46,1
DA:47,1
DA:48,1
DA:49,1
DA:50,4
DA:51,4
DA:52,4
DA:53,1
DA:54,1
DA:55,1
LF:55
LH:55
BRDA:55,0,0,1
BRDA:55,1,0,1
BRDA:55,2,0,1
BRDA:55,3,0,0
BRDA:55,4,0,0
BRDA:55,5,0,0
BRDA:55,6,0,0
BRDA:55,7,0,1
BRDA:55,8,0,3
BRDA:55,9,0,3
BRDA:55,10,0,4
BRDA:55,11,0,9
BRDA:55,12,0,0
BRDA:55,13,0,4
BRDA:55,14,0,9
BRDA:55,15,0,6
BRDA:55,16,0,3
BRDA:55,17,0,10
BRDA:55,18,0,1
BRDA:55,19,0,9
BRDA:55,20,0,4
BRDA:55,21,0,9
BRDA:55,22,0,0
BRDA:55,23,0,12
BRDA:55,24,0,13
BRDA:55,25,0,13
BRDA:55,26,0,0
BRDA:55,27,0,26
BRDA:55,28,0,0
BRDA:55,29,0,0
BRDA:55,30,0,0
BRDA:55,31,0,0
BRDA:55,32,0,13
BRDA:55,33,0,13
BRDA:55,34,0,9
BRDA:55,35,0,0
BRDA:55,36,0,0
BRDA:55,37,0,4
BRDA:55,38,0,0
BRDA:55,39,0,1
BRDA:55,40,0,0
BRDA:55,41,0,0
BRDA:55,42,0,0
BRDA:55,43,0,0
BRDA:55,44,0,13
BRDA:55,45,0,10
BRDA:55,46,0,3
BRDA:55,47,0,13
BRDA:55,48,0,4
BRDA:55,49,0,3
BRDA:55,50,0,1
BRDA:55,51,0,0
BRDA:55,52,0,1
BRDA:55,53,0,0
BRDA:17,54,0,1
BRDA:18,55,0,4
BRDA:29,56,0,4
BRDA:55,57,0,4
BRDA:55,58,0,13
BRDA:30,59,0,4
BRDA:55,60,0,4
BRDA:32,61,0,1
BRDA:34,62,0,3
BRDA:55,63,0,3
BRDA:38,64,0,1
BRDA:40,65,0,2
BRDA:45,66,0,1
BRDA:55,67,0,1
BRDA:55,68,0,1
BRF:69
BRH:49
end_of_record
TN:
SF:src\modules\users\services\SendForgotPasswordEmailService.ts
FN:59,Object.<anonymous>
FN:59,Object.<anonymous>.__decorate
FN:59,Object.<anonymous>.__metadata
FN:59,Object.<anonymous>.__param
FN:59,Object.<anonymous>.__awaiter
FN:59,adopt
FN:59,fulfilled
FN:59,rejected
FN:59,step
FN:59,Object.<anonymous>.__generator
FN:59,sent
FN:59,g.<computed>
FN:59,verb
FN:59,step
FN:59,Object.<anonymous>.__importDefault
FN:15,SendForgotPasswordEmailService
FN:26,Object.<anonymous>.SendForgotPasswordEmailService.execute
FNF:17
FNH:15
FNDA:1,Object.<anonymous>
FNDA:1,Object.<anonymous>.__decorate
FNDA:1,Object.<anonymous>.__metadata
FNDA:3,Object.<anonymous>.__param
FNDA:3,Object.<anonymous>.__awaiter
FNDA:7,adopt
FNDA:7,fulfilled
FNDA:0,rejected
FNDA:9,step
FNDA:3,Object.<anonymous>.__generator
FNDA:7,sent
FNDA:0,g.<computed>
FNDA:9,verb
FNDA:10,step
FNDA:2,Object.<anonymous>.__importDefault
FNDA:3,SendForgotPasswordEmailService
FNDA:3,Object.<anonymous>.SendForgotPasswordEmailService.execute
DA:1,1
DA:2,1
DA:3,1
DA:4,1
DA:5,1
DA:6,1
DA:7,1
DA:8,1
DA:9,1
DA:10,1
DA:11,1
DA:12,1
DA:13,1
DA:14,1
DA:15,1
DA:16,3
DA:17,3
DA:18,3
DA:19,3
DA:20,3
DA:21,3
DA:22,3
DA:23,3
DA:24,3
DA:25,1
DA:26,1
DA:27,3
DA:28,3
DA:29,3
DA:30,1
DA:31,1
DA:32,2
DA:33,2
DA:34,3
DA:35,3
DA:36,3
DA:37,3
DA:38,3
DA:39,3
DA:40,3
DA:41,3
DA:42,3
DA:43,3
DA:44,3
DA:45,3
DA:46,3
DA:47,3
DA:48,3
DA:49,3
DA:50,3
DA:51,3
DA:52,3
DA:53,3
DA:54,3
DA:55,3
DA:56,3
DA:57,1
DA:58,1
DA:59,1
LF:59
LH:59
BRDA:59,0,0,1
BRDA:59,1,0,1
BRDA:59,2,0,1
BRDA:59,3,0,0
BRDA:59,4,0,0
BRDA:59,5,0,0
BRDA:59,6,0,0
BRDA:59,7,0,1
BRDA:59,8,0,3
BRDA:59,9,0,3
BRDA:59,10,0,3
BRDA:59,11,0,7
BRDA:59,12,0,0
BRDA:59,13,0,3
BRDA:59,14,0,7
BRDA:59,15,0,6
BRDA:59,16,0,1
BRDA:59,17,0,9
BRDA:59,18,0,2
BRDA:59,19,0,7
BRDA:59,20,0,3
BRDA:59,21,0,7
BRDA:59,22,0,0
BRDA:59,23,0,9
BRDA:59,24,0,10
BRDA:59,25,0,10
BRDA:59,26,0,0
BRDA:59,27,0,20
BRDA:59,28,0,0
BRDA:59,29,0,0
BRDA:59,30,0,0
BRDA:59,31,0,0
BRDA:59,32,0,10
BRDA:59,33,0,10
BRDA:59,34,0,7
BRDA:59,35,0,0
BRDA:59,36,0,0
BRDA:59,37,0,3
BRDA:59,38,0,0
BRDA:59,39,0,2
BRDA:59,40,0,0
BRDA:59,41,0,0
BRDA:59,42,0,0
BRDA:59,43,0,0
BRDA:59,44,0,10
BRDA:59,45,0,9
BRDA:59,46,0,1
BRDA:59,47,0,10
BRDA:59,48,0,3
BRDA:59,49,0,1
BRDA:59,50,0,2
BRDA:59,51,0,0
BRDA:59,52,0,2
BRDA:59,53,0,1
BRDA:59,54,0,1
BRDA:14,55,0,1
BRDA:15,56,0,3
BRDA:26,57,0,3
BRDA:59,58,0,3
BRDA:59,59,0,10
BRDA:27,60,0,3
BRDA:59,61,0,3
BRDA:29,62,0,1
BRDA:31,63,0,2
BRDA:59,64,0,2
BRDA:59,65,0,2
BRF:66
BRH:47
end_of_record
TN:
SF:src\modules\users\services\UpdateUserAvatarService.ts
FN:45,Object.<anonymous>
FN:45,Object.<anonymous>.__decorate
FN:45,Object.<anonymous>.__metadata
FN:45,Object.<anonymous>.__param
FN:45,Object.<anonymous>.__awaiter
FN:45,adopt
FN:45,fulfilled
FN:45,rejected
FN:45,step
FN:45,Object.<anonymous>.__generator
FN:45,sent
FN:45,g.<computed>
FN:45,verb
FN:45,step
FN:45,Object.<anonymous>.__importDefault
FN:16,UpdateUserAvatarService
FN:24,Object.<anonymous>.UpdateUserAvatarService.execute
FNF:17
FNH:15
FNDA:1,Object.<anonymous>
FNDA:1,Object.<anonymous>.__decorate
FNDA:1,Object.<anonymous>.__metadata
FNDA:2,Object.<anonymous>.__param
FNDA:4,Object.<anonymous>.__awaiter
FNDA:11,adopt
FNDA:11,fulfilled
FNDA:0,rejected
FNDA:14,step
FNDA:4,Object.<anonymous>.__generator
FNDA:11,sent
FNDA:0,g.<computed>
FNDA:12,verb
FNDA:15,step
FNDA:1,Object.<anonymous>.__importDefault
FNDA:3,UpdateUserAvatarService
FNDA:4,Object.<anonymous>.UpdateUserAvatarService.execute
DA:1,1
DA:2,1
DA:3,1
DA:4,1
DA:5,1
DA:6,1
DA:7,1
DA:8,1
DA:9,1
DA:10,1
DA:11,1
DA:12,1
DA:13,1
DA:14,1
DA:15,1
DA:16,1
DA:17,3
DA:18,3
DA:19,3
DA:20,3
DA:21,3
DA:22,3
DA:23,1
DA:24,1
DA:25,4
DA:26,4
DA:27,4
DA:28,1
DA:29,1
DA:30,3
DA:31,3
DA:32,1
DA:33,4
DA:34,4
DA:35,4
DA:36,4
DA:37,4
DA:38,4
DA:39,4
DA:40,4
DA:41,4
DA:42,4
DA:43,1
DA:44,1
DA:45,1
LF:45
LH:45
BRDA:45,0,0,1
BRDA:45,1,0,1
BRDA:45,2,0,1
BRDA:45,3,0,0
BRDA:45,4,0,0
BRDA:45,5,0,0
BRDA:45,6,0,0
BRDA:45,7,0,1
BRDA:45,8,0,2
BRDA:45,9,0,2
BRDA:45,10,0,4
BRDA:45,11,0,11
BRDA:45,12,0,0
BRDA:45,13,0,4
BRDA:45,14,0,11
BRDA:45,15,0,10
BRDA:45,16,0,1
BRDA:45,17,0,14
BRDA:45,18,0,3
BRDA:45,19,0,11
BRDA:45,20,0,4
BRDA:45,21,0,11
BRDA:45,22,0,0
BRDA:45,23,0,12
BRDA:45,24,0,15
BRDA:45,25,0,15
BRDA:45,26,0,0
BRDA:45,27,0,32
BRDA:45,28,0,0
BRDA:45,29,0,0
BRDA:45,30,0,0
BRDA:45,31,0,0
BRDA:45,32,0,15
BRDA:45,33,0,15
BRDA:45,34,0,11
BRDA:45,35,0,0
BRDA:45,36,0,0
BRDA:45,37,0,6
BRDA:45,38,0,0
BRDA:45,39,0,5
BRDA:45,40,0,4
BRDA:45,41,0,2
BRDA:45,42,0,0
BRDA:45,43,0,2
BRDA:45,44,0,0
BRDA:45,45,0,0
BRDA:45,46,0,0
BRDA:45,47,0,17
BRDA:45,48,0,16
BRDA:45,49,0,1
BRDA:45,50,0,17
BRDA:45,51,0,4
BRDA:45,52,0,1
BRDA:45,53,0,3
BRDA:45,54,0,0
BRDA:45,55,0,1
BRDA:45,56,0,0
BRDA:15,57,0,1
BRDA:16,58,0,3
BRDA:24,59,0,4
BRDA:45,60,0,4
BRDA:45,61,0,17
BRDA:25,62,0,4
BRDA:45,63,0,4
BRDA:27,64,0,1
BRDA:29,65,0,3
BRDA:31,66,0,2
BRDA:31,67,0,1
BRDA:45,68,0,1
BRDA:35,69,0,3
BRDA:45,70,0,3
BRDA:45,71,0,3
BRF:72
BRH:52
end_of_record
